(t0): New task P1
(t0): P1 running
(t1): Task P1 goes to sleep until (t5)
(t0): Context switch (P1)<->(idle)
(t1): idle running
(t2): idle running
(t3): New task P4
(t2): Context switch (idle)<->(P4)
(t3): P4 running
(t4): P4 running
(t5): task P1 awake
(t5): P4 running
(t6): Task P4 goes to sleep until (t8)
(t5): Context switch (P4)<->(idle)
(t6): idle running
(t7): idle running
(t8): task P4 awake
(t7): Context switch (idle)<->(P4)
(t8): P4 running
(t8): Context switch (P4)<->(idle)
(t9): idle running
(t10): idle running
==================
P1	0	1	running
P1	1	5	I/O
P1	5	6	ready
P4	3	6	running
P4	6	8	I/O
P4	8	9	running
